<?xml version="1.0" encoding="UTF-8"?>
<!-- Generated by org.testng.reporters.JUnitReportReporter -->
<testsuite skipped="0" hostname="ARPGL005878" name="com.project.testcases.FogotPasswordPageTest" tests="4" failures="0" timestamp="11 Oct 2021 04:01:48 GMT" time="2.650" errors="0">
  <testcase name="validateTitle" time="0.018" classname="com.project.testcases.FogotPasswordPageTest"/>
  <testcase name="validateForgotPassword" time="0.774" classname="com.project.testcases.FogotPasswordPageTest"/>
  <testcase name="validateForgotPassword" time="0.854" classname="com.project.testcases.FogotPasswordPageTest"/>
  <testcase name="validateForgotPassword" time="1.004" classname="com.project.testcases.FogotPasswordPageTest"/>
</testsuite> <!-- com.project.testcases.FogotPasswordPageTest -->
