<?xml version="1.0" encoding="UTF-8"?>
<!-- Generated by org.testng.reporters.JUnitReportReporter -->
<testsuite skipped="0" hostname="ARPGL005878" name="com.project.testcases.LoginPageTest" tests="11" failures="0" timestamp="11 Oct 2021 04:01:28 GMT" time="6.939" errors="0">
  <testcase name="validateTitle" time="0.023" classname="com.project.testcases.LoginPageTest"/>
  <testcase name="validateLogin" time="0.415" classname="com.project.testcases.LoginPageTest"/>
  <testcase name="validateLogin" time="0.445" classname="com.project.testcases.LoginPageTest"/>
  <testcase name="validateLogin" time="0.485" classname="com.project.testcases.LoginPageTest"/>
  <testcase name="validateLogin" time="1.043" classname="com.project.testcases.LoginPageTest"/>
  <testcase name="validateLogin" time="0.518" classname="com.project.testcases.LoginPageTest"/>
  <testcase name="validateLogin" time="0.599" classname="com.project.testcases.LoginPageTest"/>
  <testcase name="validateForgotpassNav" time="0.406" classname="com.project.testcases.LoginPageTest"/>
  <testcase name="validateRegistration" time="1.098" classname="com.project.testcases.LoginPageTest"/>
  <testcase name="validateRegistration" time="1.054" classname="com.project.testcases.LoginPageTest"/>
  <testcase name="validateRegistration" time="0.853" classname="com.project.testcases.LoginPageTest"/>
</testsuite> <!-- com.project.testcases.LoginPageTest -->
