<?xml version="1.0" encoding="UTF-8"?>
<!-- Generated by org.testng.reporters.JUnitReportReporter -->
<testsuite skipped="0" hostname="ARPGL005878" name="com.project.testcases.CartActivityTest" tests="4" failures="0" timestamp="13 Oct 2021 10:51:19 GMT" time="7.361" errors="0">
  <testcase name="validateTitle" time="0.037" classname="com.project.testcases.CartActivityTest"/>
  <testcase name="validateFeatureProductTitle" time="0.083" classname="com.project.testcases.CartActivityTest"/>
  <testcase name="validateFeatureProductSort" time="0.087" classname="com.project.testcases.CartActivityTest"/>
  <testcase name="validateFeatureProductList" time="7.154" classname="com.project.testcases.CartActivityTest"/>
</testsuite> <!-- com.project.testcases.CartActivityTest -->
