<?xml version="1.0" encoding="UTF-8"?>
<!-- Generated by org.testng.reporters.JUnitReportReporter -->
<testsuite skipped="0" hostname="ARPGL005878" name="com.project.testcases.FogotPasswordPageTest" tests="4" failures="0" timestamp="13 Oct 2021 03:35:03 GMT" time="1.317" errors="0">
  <testcase name="validateTitle" time="0.013" classname="com.project.testcases.FogotPasswordPageTest"/>
  <testcase name="validateForgotPassword" time="0.421" classname="com.project.testcases.FogotPasswordPageTest"/>
  <testcase name="validateForgotPassword" time="0.359" classname="com.project.testcases.FogotPasswordPageTest"/>
  <testcase name="validateForgotPassword" time="0.524" classname="com.project.testcases.FogotPasswordPageTest"/>
</testsuite> <!-- com.project.testcases.FogotPasswordPageTest -->
