<?xml version="1.0" encoding="UTF-8"?>
<!-- Generated by org.testng.reporters.JUnitReportReporter -->
<testsuite hostname="DESKTOP-A2AFK5I" failures="0" tests="4" name="com.project.testcases.HomePageTest" time="5.906" errors="0" timestamp="2021-10-14T17:38:21 IST" skipped="0">
  <testcase classname="com.project.testcases.HomePageTest" name="validateTitle" time="0.021"/>
  <system-out/>
  <testcase classname="com.project.testcases.HomePageTest" name="validateHomePageDropDwnElements" time="1.662"/>
  <system-out/>
  <testcase classname="com.project.testcases.HomePageTest" name="validateBrandElementLink" time="3.299"/>
  <system-out/>
  <testcase classname="com.project.testcases.HomePageTest" name="validateSocialMediaIconElementsLink" time="0.924"/>
  <system-out/>
</testsuite> <!-- com.project.testcases.HomePageTest -->
