<?xml version="1.0" encoding="UTF-8"?>
<!-- Generated by org.testng.reporters.JUnitReportReporter -->
<testsuite hostname="HJNZL001402" failures="0" tests="4" name="com.project.testcases.CartActivityTest" time="5.230" errors="0" timestamp="2021-10-14T11:36:47 IST" skipped="0">
  <testcase classname="com.project.testcases.CartActivityTest" name="validateTitle" time="0.026"/>
  <system-out/>
  <testcase classname="com.project.testcases.CartActivityTest" name="validateFeatureProductTitle" time="0.071"/>
  <system-out/>
  <testcase classname="com.project.testcases.CartActivityTest" name="validateFeatureProductSort" time="0.131"/>
  <system-out/>
  <testcase classname="com.project.testcases.CartActivityTest" name="validateFeatureProductList" time="5.002"/>
  <system-out/>
</testsuite> <!-- com.project.testcases.CartActivityTest -->
