<?xml version="1.0" encoding="UTF-8"?>
<!-- Generated by org.testng.reporters.JUnitReportReporter -->
<testsuite hostname="DESKTOP-A2AFK5I" failures="0" tests="7" name="com.project.testcases.CartActivityTest" time="75.022" errors="0" timestamp="2021-10-17T23:27:44 IST" skipped="0">
  <testcase classname="com.project.testcases.CartActivityTest" name="validateTitle" time="0.009"/>
  <system-out/>
  <testcase classname="com.project.testcases.CartActivityTest" name="validateFeatureProductTitle" time="0.031"/>
  <system-out/>
  <testcase classname="com.project.testcases.CartActivityTest" name="validateFeatureProductSort" time="0.045"/>
  <system-out/>
  <testcase classname="com.project.testcases.CartActivityTest" name="validateFeatureProductList" time="4.302"/>
  <system-out/>
  <testcase classname="com.project.testcases.CartActivityTest" name="validateOtherProductList" time="1.494"/>
  <system-out/>
  <testcase classname="com.project.testcases.CartActivityTest" name="validateAddToCartButton" time="7.449"/>
  <system-out/>
  <testcase classname="com.project.testcases.CartActivityTest" name="validateAddToCartForSameProduct" time="61.692"/>
  <system-out/>
</testsuite> <!-- com.project.testcases.CartActivityTest -->
