<?xml version="1.0" encoding="UTF-8"?>
<!-- Generated by org.testng.reporters.JUnitReportReporter -->
<testsuite hostname="DESKTOP-A2AFK5I" failures="0" tests="4" name="com.project.testcases.CartActivityTest" time="5.581" errors="0" timestamp="2021-10-13T11:09:36 IST" skipped="0">
  <testcase classname="com.project.testcases.CartActivityTest" name="validateTitle" time="0.046"/>
  <system-out/>
  <testcase classname="com.project.testcases.CartActivityTest" name="validateFeatureProductTitle" time="0.151"/>
  <system-out/>
  <testcase classname="com.project.testcases.CartActivityTest" name="validateFeatureProductSort" time="0.118"/>
  <system-out/>
  <testcase classname="com.project.testcases.CartActivityTest" name="validateFeatureProductList" time="5.266"/>
  <system-out/>
</testsuite> <!-- com.project.testcases.CartActivityTest -->
