<?xml version="1.0" encoding="UTF-8"?>
<!-- Generated by org.testng.reporters.JUnitReportReporter -->
<testsuite skipped="0" hostname="ARPGL005878" name="com.project.testcases.HomePageTest" tests="1" failures="0" timestamp="13 Oct 2021 03:33:59 GMT" time="0.010" errors="0">
  <testcase name="validateTitle" time="0.010" classname="com.project.testcases.HomePageTest"/>
</testsuite> <!-- com.project.testcases.HomePageTest -->
