<?xml version="1.0" encoding="UTF-8"?>
<!-- Generated by org.testng.reporters.JUnitReportReporter -->
<testsuite skipped="0" hostname="ARPGL005878" name="com.project.testcases.FogotPasswordPageTest" tests="4" failures="0" timestamp="11 Oct 2021 06:24:36 GMT" time="1.805" errors="0">
  <testcase name="validateTitle" time="0.021" classname="com.project.testcases.FogotPasswordPageTest"/>
  <testcase name="validateForgotPassword" time="0.544" classname="com.project.testcases.FogotPasswordPageTest"/>
  <testcase name="validateForgotPassword" time="0.501" classname="com.project.testcases.FogotPasswordPageTest"/>
  <testcase name="validateForgotPassword" time="0.739" classname="com.project.testcases.FogotPasswordPageTest"/>
</testsuite> <!-- com.project.testcases.FogotPasswordPageTest -->
